{"/Users/thomasbanister/Documents/Advent-of-code-2021/day05/part1.js": {"path":"/Users/thomasbanister/Documents/Advent-of-code-2021/day05/part1.js","all":false,"statementMap":{"0":{"start":{"line":1,"column":0},"end":{"line":1,"column":24}},"1":{"start":{"line":2,"column":0},"end":{"line":2,"column":28}},"2":{"start":{"line":3,"column":0},"end":{"line":3,"column":37}},"3":{"start":{"line":4,"column":0},"end":{"line":4,"column":0}},"4":{"start":{"line":5,"column":0},"end":{"line":5,"column":110}},"5":{"start":{"line":6,"column":0},"end":{"line":6,"column":0}},"6":{"start":{"line":7,"column":0},"end":{"line":7,"column":34}},"7":{"start":{"line":8,"column":0},"end":{"line":8,"column":92}},"8":{"start":{"line":9,"column":0},"end":{"line":9,"column":16}},"9":{"start":{"line":10,"column":0},"end":{"line":10,"column":1}},"10":{"start":{"line":11,"column":0},"end":{"line":11,"column":0}},"11":{"start":{"line":12,"column":0},"end":{"line":12,"column":27}},"12":{"start":{"line":13,"column":0},"end":{"line":13,"column":38}},"13":{"start":{"line":14,"column":0},"end":{"line":14,"column":1}},"14":{"start":{"line":15,"column":0},"end":{"line":15,"column":0}},"15":{"start":{"line":16,"column":0},"end":{"line":16,"column":18}},"16":{"start":{"line":17,"column":0},"end":{"line":17,"column":10}},"17":{"start":{"line":18,"column":0},"end":{"line":18,"column":1}}},"s":{"0":1,"1":1,"2":1,"3":1,"4":1,"5":1,"6":1,"7":1,"8":1,"9":1,"10":1,"11":1,"12":1,"13":1,"14":1,"15":1,"16":1,"17":1},"branchMap":{"0":{"type":"branch","line":7,"loc":{"start":{"line":7,"column":20},"end":{"line":10,"column":1}},"locations":[{"start":{"line":7,"column":20},"end":{"line":10,"column":1}}]},"1":{"type":"branch","line":12,"loc":{"start":{"line":12,"column":14},"end":{"line":14,"column":1}},"locations":[{"start":{"line":12,"column":14},"end":{"line":14,"column":1}}]}},"b":{"0":[1],"1":[1]},"fnMap":{"0":{"name":"log","decl":{"start":{"line":5,"column":12},"end":{"line":5,"column":29}},"loc":{"start":{"line":5,"column":12},"end":{"line":5,"column":29}},"line":5},"1":{"name":"parseInput","decl":{"start":{"line":7,"column":20},"end":{"line":10,"column":1}},"loc":{"start":{"line":7,"column":20},"end":{"line":10,"column":1}},"line":7},"2":{"name":"part1","decl":{"start":{"line":12,"column":14},"end":{"line":14,"column":1}},"loc":{"start":{"line":12,"column":14},"end":{"line":14,"column":1}},"line":12}},"f":{"0":0,"1":1,"2":1}}
,"/Users/thomasbanister/Documents/Advent-of-code-2021/day05/part2.js": {"path":"/Users/thomasbanister/Documents/Advent-of-code-2021/day05/part2.js","all":false,"statementMap":{"0":{"start":{"line":1,"column":0},"end":{"line":1,"column":24}},"1":{"start":{"line":2,"column":0},"end":{"line":2,"column":28}},"2":{"start":{"line":3,"column":0},"end":{"line":3,"column":37}},"3":{"start":{"line":4,"column":0},"end":{"line":4,"column":0}},"4":{"start":{"line":5,"column":0},"end":{"line":5,"column":110}},"5":{"start":{"line":6,"column":0},"end":{"line":6,"column":0}},"6":{"start":{"line":7,"column":0},"end":{"line":7,"column":34}},"7":{"start":{"line":8,"column":0},"end":{"line":8,"column":92}},"8":{"start":{"line":9,"column":0},"end":{"line":9,"column":16}},"9":{"start":{"line":10,"column":0},"end":{"line":10,"column":1}},"10":{"start":{"line":11,"column":0},"end":{"line":11,"column":0}},"11":{"start":{"line":12,"column":0},"end":{"line":12,"column":27}},"12":{"start":{"line":13,"column":0},"end":{"line":13,"column":38}},"13":{"start":{"line":14,"column":0},"end":{"line":14,"column":1}},"14":{"start":{"line":15,"column":0},"end":{"line":15,"column":0}},"15":{"start":{"line":16,"column":0},"end":{"line":16,"column":18}},"16":{"start":{"line":17,"column":0},"end":{"line":17,"column":10}},"17":{"start":{"line":18,"column":0},"end":{"line":18,"column":1}}},"s":{"0":1,"1":1,"2":1,"3":1,"4":1,"5":1,"6":1,"7":1,"8":1,"9":1,"10":1,"11":1,"12":1,"13":1,"14":1,"15":1,"16":1,"17":1},"branchMap":{"0":{"type":"branch","line":7,"loc":{"start":{"line":7,"column":20},"end":{"line":10,"column":1}},"locations":[{"start":{"line":7,"column":20},"end":{"line":10,"column":1}}]},"1":{"type":"branch","line":12,"loc":{"start":{"line":12,"column":14},"end":{"line":14,"column":1}},"locations":[{"start":{"line":12,"column":14},"end":{"line":14,"column":1}}]}},"b":{"0":[1],"1":[1]},"fnMap":{"0":{"name":"log","decl":{"start":{"line":5,"column":12},"end":{"line":5,"column":29}},"loc":{"start":{"line":5,"column":12},"end":{"line":5,"column":29}},"line":5},"1":{"name":"parseInput","decl":{"start":{"line":7,"column":20},"end":{"line":10,"column":1}},"loc":{"start":{"line":7,"column":20},"end":{"line":10,"column":1}},"line":7},"2":{"name":"part2","decl":{"start":{"line":12,"column":14},"end":{"line":14,"column":1}},"loc":{"start":{"line":12,"column":14},"end":{"line":14,"column":1}},"line":12}},"f":{"0":0,"1":1,"2":1}}
}
